<?xml version="1.0" encoding="UTF-8"?>
<coverage generated="1774780991426" clover="3.2.0">
  <project timestamp="1774780991426" name="All files">
    <metrics statements="2" coveredstatements="2" conditionals="2" coveredconditionals="1" methods="1" coveredmethods="1" elements="5" coveredelements="4" complexity="0" loc="2" ncloc="2" packages="1" files="1" classes="1"/>
    <file name="greet.tsx" path="C:\Users\aram\Practice\react-testing\src\components\greet\greet.tsx">
      <metrics statements="2" coveredstatements="2" conditionals="2" coveredconditionals="1" methods="1" coveredmethods="1"/>
      <line num="3" count="1" type="stmt"/>
      <line num="4" count="1" type="stmt"/>
    </file>
  </project>
</coverage>
