{"C:\\Users\\aram\\Practice\\react-testing\\src\\components\\greet\\greet.tsx": {"path":"C:\\Users\\aram\\Practice\\react-testing\\src\\components\\greet\\greet.tsx","statementMap":{"0":{"start":{"line":3,"column":21},"end":{"line":7,"column":1}},"1":{"start":{"line":4,"column":2},"end":{"line":6,"column":3}}},"fnMap":{"0":{"name":"(anonymous_0)","decl":{"start":{"line":3,"column":21},"end":{"line":3,"column":22}},"loc":{"start":{"line":3,"column":47},"end":{"line":7,"column":1}},"line":3}},"branchMap":{"0":{"loc":{"start":{"line":5,"column":17},"end":{"line":5,"column":38}},"type":"cond-expr","locations":[{"start":{"line":5,"column":24},"end":{"line":5,"column":28}},{"start":{"line":5,"column":31},"end":{"line":5,"column":38}}],"line":5}},"s":{"0":1,"1":1},"f":{"0":1},"b":{"0":[0,1]},"_coverageSchema":"1a1c01bbd47fc00a2c39e90264f33305004495a9","hash":"b921d8ad0254f0ba4d75f3a3f60b0f23fe388bf1"}
}
